#
# There is insufficient memory for the Java Runtime Environment to continue.
# Native memory allocation (mmap) failed to map 43384832 bytes for committing reserved memory.
# Possible reasons:
#   The system is out of physical RAM or swap space
#   The process is running with CompressedOops enabled, and the Java Heap may be blocking the growth of the native heap
# Possible solutions:
#   Reduce memory load on the system
#   Increase physical memory or swap space
#   Check if swap backing store is full
#   Decrease Java heap size (-Xmx/-Xms)
#   Decrease number of Java threads
#   Decrease Java thread stack sizes (-Xss)
#   Set larger code cache with -XX:ReservedCodeCacheSize=
# This output file may be truncated or incomplete.
#
#  Out of Memory Error (os_linux.cpp:3123), pid=10916, tid=10917
#
# JRE version:  (11.0.19+7) (build )
# Java VM: OpenJDK 64-Bit Server VM (11.0.19+7-post-Ubuntu-0ubuntu118.04.1, mixed mode, sharing, tiered, compressed oops, serial gc, linux-amd64)
# Core dump will be written. Default location: Core dumps may be processed with "/usr/share/apport/apport %p %s %c %d %P" (or dumping to /vagrant/core.10916)
#

---------------  S U M M A R Y ------------

Command Line: -Xmx128m org.apache.spark.launcher.Main org.apache.spark.deploy.SparkSubmit --packages org.apache.spark:spark-sql-kafka-0-10_2.12:3.5.0,com.datastax.spark:spark-cassandra-connector_2.12:3.0.0 cassandra-spark-streaming-example.py

Host: AMD Ryzen 5 3600 6-Core Processor, 1 cores, 3G, Ubuntu 18.04.3 LTS
Time: Mon Mar  4 17:58:13 2024 UTC elapsed time: 0.887342 seconds (0d 0h 0m 0s)

---------------  T H R E A D  ---------------

Current thread (0x00007f0c88019000):  JavaThread "Unknown thread" [_thread_in_vm, id=10917, stack(0x00007f0c9018e000,0x00007f0c9028f000)]

Stack: [0x00007f0c9018e000,0x00007f0c9028f000],  sp=0x00007f0c9028d2d0,  free space=1020k
Native frames: (J=compiled Java code, A=aot compiled Java code, j=interpreted, Vv=VM code, C=native code)
V  [libjvm.so+0xe346d6]  VMError::report_and_die(int, char const*, char const*, __va_list_tag*, Thread*, unsigned char*, void*, void*, char const*, int, unsigned long)+0x196
V  [libjvm.so+0xe3564b]  VMError::report_and_die(Thread*, char const*, int, unsigned long, VMErrorType, char const*, __va_list_tag*)+0x2b
V  [libjvm.so+0x65aa05]  report_vm_out_of_memory(char const*, int, unsigned long, VMErrorType, char const*, ...)+0xc5
V  [libjvm.so+0xb8f06a]  os::pd_commit_memory(char*, unsigned long, unsigned long, bool)+0xda
V  [libjvm.so+0xb87cef]  os::commit_memory(char*, unsigned long, unsigned long, bool)+0x1f
V  [libjvm.so+0xe2cd3b]  VirtualSpace::expand_by(unsigned long, bool)+0x15b
V  [libjvm.so+0x7c3cd1]  Generation::Generation(ReservedSpace, unsigned long)+0xb1
V  [libjvm.so+0x53a159]  CardGeneration::CardGeneration(ReservedSpace, unsigned long, CardTableRS*)+0x39
V  [libjvm.so+0xdc6d2b]  TenuredGeneration::TenuredGeneration(ReservedSpace, unsigned long, CardTableRS*)+0x2b
V  [libjvm.so+0x7c473c]  GenerationSpec::init(ReservedSpace, CardTableRS*)+0x1cc
V  [libjvm.so+0x7b0349]  GenCollectedHeap::initialize()+0x1f9
V  [libjvm.so+0xdf8062]  Universe::initialize_heap()+0x32
V  [libjvm.so+0xdf8326]  universe_init()+0x46
V  [libjvm.so+0x81cb47]  init_globals()+0x57
V  [libjvm.so+0xdd1c3a]  Threads::create_vm(JavaVMInitArgs*, bool*)+0x2ea
V  [libjvm.so+0x8c5c81]  JNI_CreateJavaVM+0x51
C  [libjli.so+0x3a88]  JavaMain+0x88
C  [libjli.so+0x87e9]  ThreadJavaMain+0x9


---------------  P R O C E S S  ---------------

Threads class SMR info:
_java_thread_list=0x000055d0ae10dfd0, length=0, elements={
}

Java Threads: ( => current thread )

Other Threads:

=>0x00007f0c88019000 (exited) JavaThread "Unknown thread" [_thread_in_vm, id=10917, stack(0x00007f0c9018e000,0x00007f0c9028f000)]

Threads with active compile tasks:

VM state:not at safepoint (not fully initialized)

VM Mutex/Monitor currently owned by a thread: None

Heap address: 0x00000000f8000000, size: 128 MB, Compressed Oops mode: Non-zero based: 0x00000000f8000000
Narrow klass base: 0x0000000000000000, Narrow klass shift: 0

GC Heap History (0 events):
No events

Deoptimization events (0 events):
No events

Classes redefined (0 events):
No events

Internal exceptions (0 events):
No events

Events (2 events):
Event: 0.428 Protecting memory [0x00007f0c9018e000,0x00007f0c90192000] with protection modes 0
Event: 0.482 Loaded shared library /usr/lib/jvm/java-11-openjdk-amd64/lib/libzip.so


Dynamic libraries:
f8000000-f94a0000 rw-p 00000000 00:00 0 
f94a0000-faaa0000 ---p 00000000 00:00 0 
fd400000-100000000 ---p 00000000 00:00 0 
55d0ac111000-55d0ac112000 r-xp 00000000 fd:00 660515                     /usr/lib/jvm/java-11-openjdk-amd64/bin/java
55d0ac312000-55d0ac313000 r--p 00001000 fd:00 660515                     /usr/lib/jvm/java-11-openjdk-amd64/bin/java
55d0ac313000-55d0ac314000 rw-p 00002000 fd:00 660515                     /usr/lib/jvm/java-11-openjdk-amd64/bin/java
55d0ae0f6000-55d0ae138000 rw-p 00000000 00:00 0                          [heap]
7f0c70583000-7f0c707f5000 rw-p 00000000 00:00 0 
7f0c707f5000-7f0c70a65000 rwxp 00000000 00:00 0 
7f0c70a65000-7f0c70d84000 ---p 00000000 00:00 0 
7f0c70d84000-7f0c70ff4000 rwxp 00000000 00:00 0 
7f0c70ff4000-7f0c782bc000 ---p 00000000 00:00 0 
7f0c782bc000-7f0c7852c000 rwxp 00000000 00:00 0 
7f0c7852c000-7f0c7f7f5000 ---p 00000000 00:00 0 
7f0c7f7f5000-7f0c88000000 r--s 00000000 fd:00 660674                     /usr/lib/jvm/java-11-openjdk-amd64/lib/modules
7f0c88000000-7f0c8803b000 rw-p 00000000 00:00 0 
7f0c8803b000-7f0c8c000000 ---p 00000000 00:00 0 
7f0c8c0e1000-7f0c8c234000 rw-p 00000000 00:00 0 
7f0c8c234000-7f0c8c31a000 ---p 00000000 00:00 0 
7f0c8c31a000-7f0c8c31f000 rw-p 00000000 00:00 0 
7f0c8c31f000-7f0c8c405000 ---p 00000000 00:00 0 
7f0c8c405000-7f0c8c40c000 r-xp 00000000 fd:00 660673                     /usr/lib/jvm/java-11-openjdk-amd64/lib/libzip.so
7f0c8c40c000-7f0c8c60c000 ---p 00007000 fd:00 660673                     /usr/lib/jvm/java-11-openjdk-amd64/lib/libzip.so
7f0c8c60c000-7f0c8c60d000 r--p 00007000 fd:00 660673                     /usr/lib/jvm/java-11-openjdk-amd64/lib/libzip.so
7f0c8c60d000-7f0c8c60e000 rw-p 00008000 fd:00 660673                     /usr/lib/jvm/java-11-openjdk-amd64/lib/libzip.so
7f0c8c60e000-7f0c8c619000 r-xp 00000000 fd:00 2097645                    /lib/x86_64-linux-gnu/libnss_files-2.27.so
7f0c8c619000-7f0c8c818000 ---p 0000b000 fd:00 2097645                    /lib/x86_64-linux-gnu/libnss_files-2.27.so
7f0c8c818000-7f0c8c819000 r--p 0000a000 fd:00 2097645                    /lib/x86_64-linux-gnu/libnss_files-2.27.so
7f0c8c819000-7f0c8c81a000 rw-p 0000b000 fd:00 2097645                    /lib/x86_64-linux-gnu/libnss_files-2.27.so
7f0c8c81a000-7f0c8c820000 rw-p 00000000 00:00 0 
7f0c8c820000-7f0c8c837000 r-xp 00000000 fd:00 2097639                    /lib/x86_64-linux-gnu/libnsl-2.27.so
7f0c8c837000-7f0c8ca36000 ---p 00017000 fd:00 2097639                    /lib/x86_64-linux-gnu/libnsl-2.27.so
7f0c8ca36000-7f0c8ca37000 r--p 00016000 fd:00 2097639                    /lib/x86_64-linux-gnu/libnsl-2.27.so
7f0c8ca37000-7f0c8ca38000 rw-p 00017000 fd:00 2097639                    /lib/x86_64-linux-gnu/libnsl-2.27.so
7f0c8ca38000-7f0c8ca3a000 rw-p 00000000 00:00 0 
7f0c8ca3a000-7f0c8ca45000 r-xp 00000000 fd:00 2097649                    /lib/x86_64-linux-gnu/libnss_nis-2.27.so
7f0c8ca45000-7f0c8cc44000 ---p 0000b000 fd:00 2097649                    /lib/x86_64-linux-gnu/libnss_nis-2.27.so
7f0c8cc44000-7f0c8cc45000 r--p 0000a000 fd:00 2097649                    /lib/x86_64-linux-gnu/libnss_nis-2.27.so
7f0c8cc45000-7f0c8cc46000 rw-p 0000b000 fd:00 2097649                    /lib/x86_64-linux-gnu/libnss_nis-2.27.so
7f0c8cc46000-7f0c8cc4e000 r-xp 00000000 fd:00 2097641                    /lib/x86_64-linux-gnu/libnss_compat-2.27.so
7f0c8cc4e000-7f0c8ce4e000 ---p 00008000 fd:00 2097641                    /lib/x86_64-linux-gnu/libnss_compat-2.27.so
7f0c8ce4e000-7f0c8ce4f000 r--p 00008000 fd:00 2097641                    /lib/x86_64-linux-gnu/libnss_compat-2.27.so
7f0c8ce4f000-7f0c8ce50000 rw-p 00009000 fd:00 2097641                    /lib/x86_64-linux-gnu/libnss_compat-2.27.so
7f0c8ce50000-7f0c8ce55000 r-xp 00000000 fd:00 660656                     /usr/lib/jvm/java-11-openjdk-amd64/lib/libjimage.so
7f0c8ce55000-7f0c8d054000 ---p 00005000 fd:00 660656                     /usr/lib/jvm/java-11-openjdk-amd64/lib/libjimage.so
7f0c8d054000-7f0c8d055000 r--p 00004000 fd:00 660656                     /usr/lib/jvm/java-11-openjdk-amd64/lib/libjimage.so
7f0c8d055000-7f0c8d056000 rw-p 00005000 fd:00 660656                     /usr/lib/jvm/java-11-openjdk-amd64/lib/libjimage.so
7f0c8d056000-7f0c8d07f000 r-xp 00000000 fd:00 660653                     /usr/lib/jvm/java-11-openjdk-amd64/lib/libjava.so
7f0c8d07f000-7f0c8d27e000 ---p 00029000 fd:00 660653                     /usr/lib/jvm/java-11-openjdk-amd64/lib/libjava.so
7f0c8d27e000-7f0c8d27f000 r--p 00028000 fd:00 660653                     /usr/lib/jvm/java-11-openjdk-amd64/lib/libjava.so
7f0c8d27f000-7f0c8d280000 rw-p 00029000 fd:00 660653                     /usr/lib/jvm/java-11-openjdk-amd64/lib/libjava.so
7f0c8d280000-7f0c8d281000 rw-p 00000000 00:00 0 
7f0c8d281000-7f0c8d28e000 r-xp 00000000 fd:00 660672                     /usr/lib/jvm/java-11-openjdk-amd64/lib/libverify.so
7f0c8d28e000-7f0c8d48d000 ---p 0000d000 fd:00 660672                     /usr/lib/jvm/java-11-openjdk-amd64/lib/libverify.so
7f0c8d48d000-7f0c8d48f000 r--p 0000c000 fd:00 660672                     /usr/lib/jvm/java-11-openjdk-amd64/lib/libverify.so
7f0c8d48f000-7f0c8d490000 rw-p 0000e000 fd:00 660672                     /usr/lib/jvm/java-11-openjdk-amd64/lib/libverify.so
7f0c8d490000-7f0c8d497000 r-xp 00000000 fd:00 2097671                    /lib/x86_64-linux-gnu/librt-2.27.so
7f0c8d497000-7f0c8d696000 ---p 00007000 fd:00 2097671                    /lib/x86_64-linux-gnu/librt-2.27.so
7f0c8d696000-7f0c8d697000 r--p 00006000 fd:00 2097671                    /lib/x86_64-linux-gnu/librt-2.27.so
7f0c8d697000-7f0c8d698000 rw-p 00007000 fd:00 2097671                    /lib/x86_64-linux-gnu/librt-2.27.so
7f0c8d698000-7f0c8d6af000 r-xp 00000000 fd:00 2097345                    /lib/x86_64-linux-gnu/libgcc_s.so.1
7f0c8d6af000-7f0c8d8ae000 ---p 00017000 fd:00 2097345                    /lib/x86_64-linux-gnu/libgcc_s.so.1
7f0c8d8ae000-7f0c8d8af000 r--p 00016000 fd:00 2097345                    /lib/x86_64-linux-gnu/libgcc_s.so.1
7f0c8d8af000-7f0c8d8b0000 rw-p 00017000 fd:00 2097345                    /lib/x86_64-linux-gnu/libgcc_s.so.1
7f0c8d8b0000-7f0c8da4d000 r-xp 00000000 fd:00 2097624                    /lib/x86_64-linux-gnu/libm-2.27.so
7f0c8da4d000-7f0c8dc4c000 ---p 0019d000 fd:00 2097624                    /lib/x86_64-linux-gnu/libm-2.27.so
7f0c8dc4c000-7f0c8dc4d000 r--p 0019c000 fd:00 2097624                    /lib/x86_64-linux-gnu/libm-2.27.so
7f0c8dc4d000-7f0c8dc4e000 rw-p 0019d000 fd:00 2097624                    /lib/x86_64-linux-gnu/libm-2.27.so
7f0c8dc4e000-7f0c8ddc7000 r-xp 00000000 fd:00 656793                     /usr/lib/x86_64-linux-gnu/libstdc++.so.6.0.25
7f0c8ddc7000-7f0c8dfc7000 ---p 00179000 fd:00 656793                     /usr/lib/x86_64-linux-gnu/libstdc++.so.6.0.25
7f0c8dfc7000-7f0c8dfd1000 r--p 00179000 fd:00 656793                     /usr/lib/x86_64-linux-gnu/libstdc++.so.6.0.25
7f0c8dfd1000-7f0c8dfd3000 rw-p 00183000 fd:00 656793                     /usr/lib/x86_64-linux-gnu/libstdc++.so.6.0.25
7f0c8dfd3000-7f0c8dfd7000 rw-p 00000000 00:00 0 
7f0c8dfd7000-7f0c8f0de000 r-xp 00000000 fd:00 660679                     /usr/lib/jvm/java-11-openjdk-amd64/lib/server/libjvm.so
7f0c8f0de000-7f0c8f2de000 ---p 01107000 fd:00 660679                     /usr/lib/jvm/java-11-openjdk-amd64/lib/server/libjvm.so
7f0c8f2de000-7f0c8f3a2000 r--p 01107000 fd:00 660679                     /usr/lib/jvm/java-11-openjdk-amd64/lib/server/libjvm.so
7f0c8f3a2000-7f0c8f3dd000 rw-p 011cb000 fd:00 660679                     /usr/lib/jvm/java-11-openjdk-amd64/lib/server/libjvm.so
7f0c8f3dd000-7f0c8f434000 rw-p 00000000 00:00 0 
7f0c8f434000-7f0c8f44e000 r-xp 00000000 fd:00 2097665                    /lib/x86_64-linux-gnu/libpthread-2.27.so
7f0c8f44e000-7f0c8f64d000 ---p 0001a000 fd:00 2097665                    /lib/x86_64-linux-gnu/libpthread-2.27.so
7f0c8f64d000-7f0c8f64e000 r--p 00019000 fd:00 2097665                    /lib/x86_64-linux-gnu/libpthread-2.27.so
7f0c8f64e000-7f0c8f64f000 rw-p 0001a000 fd:00 2097665                    /lib/x86_64-linux-gnu/libpthread-2.27.so
7f0c8f64f000-7f0c8f653000 rw-p 00000000 00:00 0 
7f0c8f653000-7f0c8f656000 r-xp 00000000 fd:00 2097595                    /lib/x86_64-linux-gnu/libdl-2.27.so
7f0c8f656000-7f0c8f855000 ---p 00003000 fd:00 2097595                    /lib/x86_64-linux-gnu/libdl-2.27.so
7f0c8f855000-7f0c8f856000 r--p 00002000 fd:00 2097595                    /lib/x86_64-linux-gnu/libdl-2.27.so
7f0c8f856000-7f0c8f857000 rw-p 00003000 fd:00 2097595                    /lib/x86_64-linux-gnu/libdl-2.27.so
7f0c8f857000-7f0c8f873000 r-xp 00000000 fd:00 2097696                    /lib/x86_64-linux-gnu/libz.so.1.2.11
7f0c8f873000-7f0c8fa72000 ---p 0001c000 fd:00 2097696                    /lib/x86_64-linux-gnu/libz.so.1.2.11
7f0c8fa72000-7f0c8fa73000 r--p 0001b000 fd:00 2097696                    /lib/x86_64-linux-gnu/libz.so.1.2.11
7f0c8fa73000-7f0c8fa74000 rw-p 0001c000 fd:00 2097696                    /lib/x86_64-linux-gnu/libz.so.1.2.11
7f0c8fa74000-7f0c8fc5b000 r-xp 00000000 fd:00 2097578                    /lib/x86_64-linux-gnu/libc-2.27.so
7f0c8fc5b000-7f0c8fe5b000 ---p 001e7000 fd:00 2097578                    /lib/x86_64-linux-gnu/libc-2.27.so
7f0c8fe5b000-7f0c8fe5f000 r--p 001e7000 fd:00 2097578                    /lib/x86_64-linux-gnu/libc-2.27.so
7f0c8fe5f000-7f0c8fe61000 rw-p 001eb000 fd:00 2097578                    /lib/x86_64-linux-gnu/libc-2.27.so
7f0c8fe61000-7f0c8fe65000 rw-p 00000000 00:00 0 
7f0c8fe65000-7f0c8fe74000 r-xp 00000000 fd:00 660638                     /usr/lib/jvm/java-11-openjdk-amd64/lib/jli/libjli.so
7f0c8fe74000-7f0c90073000 ---p 0000f000 fd:00 660638                     /usr/lib/jvm/java-11-openjdk-amd64/lib/jli/libjli.so
7f0c90073000-7f0c90074000 r--p 0000e000 fd:00 660638                     /usr/lib/jvm/java-11-openjdk-amd64/lib/jli/libjli.so
7f0c90074000-7f0c90075000 rw-p 0000f000 fd:00 660638                     /usr/lib/jvm/java-11-openjdk-amd64/lib/jli/libjli.so
7f0c90075000-7f0c9009c000 r-xp 00000000 fd:00 2097554                    /lib/x86_64-linux-gnu/ld-2.27.so
7f0c90139000-7f0c90144000 rw-p 00000000 00:00 0 
7f0c90144000-7f0c90179000 ---p 00000000 00:00 0 
7f0c90179000-7f0c9017f000 rw-p 00000000 00:00 0 
7f0c9017f000-7f0c90186000 ---p 00000000 00:00 0 
7f0c90186000-7f0c9018e000 rw-s 00000000 fd:00 3801535                    /tmp/hsperfdata_vagrant/10916
7f0c9018e000-7f0c90192000 ---p 00000000 00:00 0 
7f0c90192000-7f0c90291000 rw-p 00000000 00:00 0 
7f0c90298000-7f0c90299000 ---p 00000000 00:00 0 
7f0c90299000-7f0c9029a000 r--p 00000000 00:00 0 
7f0c9029a000-7f0c9029c000 rw-p 00000000 00:00 0 
7f0c9029c000-7f0c9029d000 r--p 00027000 fd:00 2097554                    /lib/x86_64-linux-gnu/ld-2.27.so
7f0c9029d000-7f0c9029e000 rw-p 00028000 fd:00 2097554                    /lib/x86_64-linux-gnu/ld-2.27.so
7f0c9029e000-7f0c9029f000 rw-p 00000000 00:00 0 
7ffde65cd000-7ffde65ee000 rw-p 00000000 00:00 0                          [stack]
7ffde65fa000-7ffde65fd000 r--p 00000000 00:00 0                          [vvar]
7ffde65fd000-7ffde65ff000 r-xp 00000000 00:00 0                          [vdso]
ffffffffff600000-ffffffffff601000 r-xp 00000000 00:00 0                  [vsyscall]


VM Arguments:
jvm_args: -Xmx128m 
java_command: org.apache.spark.launcher.Main org.apache.spark.deploy.SparkSubmit --packages org.apache.spark:spark-sql-kafka-0-10_2.12:3.5.0,com.datastax.spark:spark-cassandra-connector_2.12:3.0.0 cassandra-spark-streaming-example.py
java_class_path (initial): /opt/spark/jars/jackson-datatype-jsr310-2.15.2.jar:/opt/spark/jars/jersey-container-servlet-2.40.jar:/opt/spark/jars/parquet-jackson-1.13.1.jar:/opt/spark/jars/hive-service-rpc-3.1.3.jar:/opt/spark/jars/netty-transport-native-epoll-4.1.96.Final-linux-aarch_64.jar:/opt/spark/jars/hadoop-client-api-3.3.4.jar:/opt/spark/jars/xz-1.9.jar:/opt/spark/jars/hive-serde-2.3.9.jar:/opt/spark/jars/jline-2.14.6.jar:/opt/spark/jars/scala-xml_2.12-2.1.0.jar:/opt/spark/jars/antlr-runtime-3.5.2.jar:/opt/spark/jars/antlr4-runtime-4.9.3.jar:/opt/spark/jars/hadoop-shaded-guava-1.1.1.jar:/opt/spark/jars/spark-mesos_2.12-3.5.0.jar:/opt/spark/jars/zookeeper-3.6.3.jar:/opt/spark/jars/netty-codec-http-4.1.96.Final.jar:/opt/spark/jars/dropwizard-metrics-hadoop-metrics2-reporter-0.1.2.jar:/opt/spark/jars/spark-launcher_2.12-3.5.0.jar:/opt/spark/jars/commons-pool-1.5.4.jar:/opt/spark/jars/transaction-api-1.1.jar:/opt/spark/jars/hive-metastore-2.3.9.jar:/opt/spark/jars/opencsv-2.3.jar:/opt/spark/jars/spark-common-utils_2.12-3.5.0.jar:/opt/spark/jars/aopalliance-repackaged-2.6.1.jar:/opt/spark/jars/audience-annotations-0.5.0.jar:/opt/spark/jars/hive-shims-common-2.3.9.jar:/opt/spark/jars/datanucleus-rdbms-4.1.19.jar:/opt/spark/jars/ST4-4.0.4.jar:/opt/spark/jars/kubernetes-model-apps-6.7.2.jar:/opt/spark/jars/jakarta.xml.bind-api-2.3.2.jar:/opt/spark/jars/spark-mllib_2.12-3.5.0.jar:/opt/spark/jars/snakeyaml-engine-2.6.jar:/opt/spark/jars/minlog-1.3.0.jar:/opt/spark/jars/stream-2.9.6.jar:/opt/spark/jars/spark-unsafe_2.12-3.5.0.jar:/opt/spark/jars/netty-transport-native-unix-common-4.1.96.Final.jar:/opt/spark/jars/oro-2.0.8.jar:/opt/spark/jars/avro-mapred-1.11.2.jar:/opt/spark/jars/commons-math3-3.6.1.jar:/opt/spark/jars/metrics-jvm-4.2.19.jar:/opt/spark/jars/spark-network-common_2.12-3.5.0.jar:/opt/spark/jars/hive-exec-2.3.9-core.jar:/opt/spark/jars/hive-jdbc-2.3.9.jar:/opt/spark/jars/kubernetes-model-gatewayapi-6.7.2.jar:/opt/spark/jars/kubernetes-model-flowcontrol-6.7
Launcher Type: SUN_STANDARD

[Global flags]
     intx CICompilerCount                          = 2                                         {product} {ergonomic}
   size_t InitialHeapSize                          = 65011712                                  {product} {ergonomic}
   size_t MaxHeapSize                              = 134217728                                 {product} {command line}
   size_t MaxNewSize                               = 44695552                                  {product} {ergonomic}
   size_t MinHeapDeltaBytes                        = 196608                                    {product} {ergonomic}
   size_t NewSize                                  = 21626880                                  {product} {ergonomic}
    uintx NonNMethodCodeHeapSize                   = 5825164                                {pd product} {ergonomic}
    uintx NonProfiledCodeHeapSize                  = 122916538                              {pd product} {ergonomic}
   size_t OldSize                                  = 43384832                                  {product} {ergonomic}
    uintx ProfiledCodeHeapSize                     = 122916538                              {pd product} {ergonomic}
    uintx ReservedCodeCacheSize                    = 251658240                              {pd product} {ergonomic}
     bool SegmentedCodeCache                       = true                                      {product} {ergonomic}
     bool UseCompressedClassPointers               = true                                 {lp64_product} {ergonomic}
     bool UseCompressedOops                        = true                                 {lp64_product} {ergonomic}
     bool UseSerialGC                              = true                                      {product} {ergonomic}

Logging:
Log output configuration:
 #0: stdout all=warning uptime,level,tags
 #1: stderr all=off uptime,level,tags

Environment Variables:
JAVA_HOME=/usr/lib/jvm/java-11-openjdk-amd64
PATH=/home/vagrant/.local/bin:/usr/local/sbin:/usr/local/bin:/usr/sbin:/usr/bin:/sbin:/bin:/usr/games:/usr/local/games:/snap/bin:/opt/spark/bin:/opt/spark/bin:/opt/spark/bin
SHELL=/bin/bash
LANG=en_US.UTF-8
TERM=xterm-256color

Signal Handlers:
SIGSEGV: [libjvm.so+0xe356a0], sa_mask[0]=11111111011111111101111111111110, sa_flags=SA_RESTART|SA_SIGINFO
SIGBUS: [libjvm.so+0xe356a0], sa_mask[0]=11111111011111111101111111111110, sa_flags=SA_RESTART|SA_SIGINFO
SIGFPE: [libjvm.so+0xe356a0], sa_mask[0]=11111111011111111101111111111110, sa_flags=SA_RESTART|SA_SIGINFO
SIGPIPE: [libjvm.so+0xb89cc0], sa_mask[0]=11111111011111111101111111111110, sa_flags=SA_RESTART|SA_SIGINFO
SIGXFSZ: [libjvm.so+0xb89cc0], sa_mask[0]=11111111011111111101111111111110, sa_flags=SA_RESTART|SA_SIGINFO
SIGILL: [libjvm.so+0xe356a0], sa_mask[0]=11111111011111111101111111111110, sa_flags=SA_RESTART|SA_SIGINFO
SIGUSR2: [libjvm.so+0xb89b50], sa_mask[0]=00000000000000000000000000000000, sa_flags=SA_RESTART|SA_SIGINFO
SIGHUP: SIG_DFL, sa_mask[0]=00000000000000000000000000000000, sa_flags=none
SIGINT: SIG_DFL, sa_mask[0]=00000000000000000000000000000000, sa_flags=none
SIGTERM: SIG_DFL, sa_mask[0]=00000000000000000000000000000000, sa_flags=none
SIGQUIT: SIG_DFL, sa_mask[0]=00000000000000000000000000000000, sa_flags=none


---------------  S Y S T E M  ---------------

OS:DISTRIB_ID=Ubuntu
DISTRIB_RELEASE=18.04
DISTRIB_CODENAME=bionic
DISTRIB_DESCRIPTION="Ubuntu 18.04.3 LTS"
uname:Linux 4.15.0-58-generic #64-Ubuntu SMP Tue Aug 6 11:12:41 UTC 2019 x86_64
OS uptime: 0 days 2:04 hours
libc:glibc 2.27 NPTL 2.27 
rlimit (soft/hard): STACK 8192k/infinity , CORE 0k/infinity , NPROC 15535/15535 , NOFILE 1048576/1048576 , AS infinity/infinity , CPU infinity/infinity , DATA infinity/infinity , FSIZE infinity/infinity , MEMLOCK 16384k/16384k
load average:37.23 34.49 19.04

/proc/meminfo:
MemTotal:        4039720 kB
MemFree:          100336 kB
MemAvailable:          0 kB
Buffers:             196 kB
Cached:             3444 kB
SwapCached:        26540 kB
Active:          2643764 kB
Inactive:        1168552 kB
Active(anon):    2642784 kB
Inactive(anon):  1166148 kB
Active(file):        980 kB
Inactive(file):     2404 kB
Unevictable:           0 kB
Mlocked:               0 kB
SwapTotal:       1003516 kB
SwapFree:              0 kB
Dirty:                 0 kB
Writeback:             0 kB
AnonPages:       3782376 kB
Mapped:             1336 kB
Shmem:               152 kB
Slab:              61244 kB
SReclaimable:      23824 kB
SUnreclaim:        37420 kB
KernelStack:       15744 kB
PageTables:        22008 kB
NFS_Unstable:          0 kB
Bounce:                0 kB
WritebackTmp:          0 kB
CommitLimit:     3023376 kB
Committed_AS:    8633156 kB
VmallocTotal:   34359738367 kB
VmallocUsed:           0 kB
VmallocChunk:          0 kB
HardwareCorrupted:     0 kB
AnonHugePages:         0 kB
ShmemHugePages:        0 kB
ShmemPmdMapped:        0 kB
CmaTotal:              0 kB
CmaFree:               0 kB
HugePages_Total:       0
HugePages_Free:        0
HugePages_Rsvd:        0
HugePages_Surp:        0
Hugepagesize:       2048 kB
DirectMap4k:       96192 kB
DirectMap2M:     4098048 kB

/sys/kernel/mm/transparent_hugepage/enabled:
always [madvise] never
/sys/kernel/mm/transparent_hugepage/defrag (defrag/compaction efforts parameter):
always defer defer+madvise [madvise] never

Process Memory:
Virtual Size: 608904K (peak: 647432K)
Resident Set Size: 5780K (peak: 6092K) (anon: 5780K, file: 0K, shmem: 0K)
Swapped out: 0K
C-Heap outstanding allocations: 4185K, retained: 174K
glibc malloc tunables: (default)

/proc/sys/kernel/threads-max (system-wide limit on the number of threads):
31070
/proc/sys/vm/max_map_count (maximum number of memory map areas a process may have):
65530
/proc/sys/kernel/pid_max (system-wide limit on number of process identifiers):
32768

container (cgroup) information:
container_type: cgroupv1
cpu_cpuset_cpus: 0
cpu_memory_nodes: 0
active_processor_count: 1
cpu_quota: no quota
cpu_period: 100000
cpu_shares: no shares
memory_limit_in_bytes: unlimited
memory_and_swap_limit_in_bytes: not supported
memory_soft_limit_in_bytes: unlimited
memory_usage_in_bytes: 2497976 k
memory_max_usage_in_bytes: 2700376 k
kernel_memory_usage_in_bytes: 28660 k
kernel_memory_max_usage_in_bytes: unlimited
kernel_memory_limit_in_bytes: 43824 k
maximum number of tasks: unlimited
current number of tasks: 497

KVM virtualization detected
Steal ticks since vm start: 0
Steal ticks percentage since vm start:  0.000

CPU:total 1 (initial active 1) (1 cores per cpu, 1 threads per core) family 23 model 113 stepping 0 microcode 0xffffffff, cmov, cx8, fxsr, mmx, sse, sse2, sse3, ssse3, sse4.1, sse4.2, popcnt, tsc, tscinvbit, tscinv
CPU Model and flags from /proc/cpuinfo:
model name	: AMD Ryzen 5 3600 6-Core Processor
flags		: fpu vme de pse tsc msr pae mce cx8 apic sep mtrr pge mca cmov pat pse36 clflush mmx fxsr sse sse2 ht syscall nx fxsr_opt rdtscp lm constant_tsc rep_good nopl nonstop_tsc cpuid extd_apicid tsc_known_freq pni ssse3 cx16 sse4_1 sse4_2 popcnt hypervisor lahf_lm cr8_legacy 3dnowprefetch ssbd vmmcall fsgsbase arat
Online cpus:
0
Offline cpus:

BIOS frequency limitation:
<Not Available>
Frequency switch latency (ns):
<Not Available>
Available cpu frequencies:
<Not Available>
Current governor:
<Not Available>
Core performance/turbo boost:
<Not Available>

Memory: 4k page, physical 4039720k(98728k free), swap 1003516k(0k free)

vm_info: OpenJDK 64-Bit Server VM (11.0.19+7-post-Ubuntu-0ubuntu118.04.1) for linux-amd64 JRE (11.0.19+7-post-Ubuntu-0ubuntu118.04.1), built on May 10 2023 00:54:54 by "unknown" with gcc 8.4.0

END.
