#
# There is insufficient memory for the Java Runtime Environment to continue.
# Native memory allocation (mmap) failed to map 43384832 bytes for committing reserved memory.
# Possible reasons:
#   The system is out of physical RAM or swap space
#   The process is running with CompressedOops enabled, and the Java Heap may be blocking the growth of the native heap
# Possible solutions:
#   Reduce memory load on the system
#   Increase physical memory or swap space
#   Check if swap backing store is full
#   Decrease Java heap size (-Xmx/-Xms)
#   Decrease number of Java threads
#   Decrease Java thread stack sizes (-Xss)
#   Set larger code cache with -XX:ReservedCodeCacheSize=
# This output file may be truncated or incomplete.
#
#  Out of Memory Error (os_linux.cpp:3123), pid=9276, tid=9277
#
# JRE version:  (11.0.19+7) (build )
# Java VM: OpenJDK 64-Bit Server VM (11.0.19+7-post-Ubuntu-0ubuntu118.04.1, mixed mode, sharing, tiered, compressed oops, serial gc, linux-amd64)
# Core dump will be written. Default location: Core dumps may be processed with "/usr/share/apport/apport %p %s %c %d %P" (or dumping to /vagrant/core.9276)
#

---------------  S U M M A R Y ------------

Command Line: -Xmx128m org.apache.spark.launcher.Main org.apache.spark.deploy.SparkSubmit --packages org.apache.spark:spark-sql-kafka-0-10_2.12:3.5.0,com.datastax.spark:spark-cassandra-connector_2.12:3.0.0 console-spark-streaming-example.py

Host: AMD Ryzen 5 3600 6-Core Processor, 1 cores, 3G, Ubuntu 18.04.3 LTS
Time: Sun Mar  3 13:12:59 2024 UTC elapsed time: 0.142869 seconds (0d 0h 0m 0s)

---------------  T H R E A D  ---------------

Current thread (0x00007f6938019000):  JavaThread "Unknown thread" [_thread_in_vm, id=9277, stack(0x00007f694042f000,0x00007f6940530000)]

Stack: [0x00007f694042f000,0x00007f6940530000],  sp=0x00007f694052e2d0,  free space=1020k
Native frames: (J=compiled Java code, A=aot compiled Java code, j=interpreted, Vv=VM code, C=native code)
V  [libjvm.so+0xe346d6]  VMError::report_and_die(int, char const*, char const*, __va_list_tag*, Thread*, unsigned char*, void*, void*, char const*, int, unsigned long)+0x196
V  [libjvm.so+0xe3564b]  VMError::report_and_die(Thread*, char const*, int, unsigned long, VMErrorType, char const*, __va_list_tag*)+0x2b
V  [libjvm.so+0x65aa05]  report_vm_out_of_memory(char const*, int, unsigned long, VMErrorType, char const*, ...)+0xc5
V  [libjvm.so+0xb8f06a]  os::pd_commit_memory(char*, unsigned long, unsigned long, bool)+0xda
V  [libjvm.so+0xb87cef]  os::commit_memory(char*, unsigned long, unsigned long, bool)+0x1f
V  [libjvm.so+0xe2cd3b]  VirtualSpace::expand_by(unsigned long, bool)+0x15b
V  [libjvm.so+0x7c3cd1]  Generation::Generation(ReservedSpace, unsigned long)+0xb1
V  [libjvm.so+0x53a159]  CardGeneration::CardGeneration(ReservedSpace, unsigned long, CardTableRS*)+0x39
V  [libjvm.so+0xdc6d2b]  TenuredGeneration::TenuredGeneration(ReservedSpace, unsigned long, CardTableRS*)+0x2b
V  [libjvm.so+0x7c473c]  GenerationSpec::init(ReservedSpace, CardTableRS*)+0x1cc
V  [libjvm.so+0x7b0349]  GenCollectedHeap::initialize()+0x1f9
V  [libjvm.so+0xdf8062]  Universe::initialize_heap()+0x32
V  [libjvm.so+0xdf8326]  universe_init()+0x46
V  [libjvm.so+0x81cb47]  init_globals()+0x57
V  [libjvm.so+0xdd1c3a]  Threads::create_vm(JavaVMInitArgs*, bool*)+0x2ea
V  [libjvm.so+0x8c5c81]  JNI_CreateJavaVM+0x51
C  [libjli.so+0x3a88]  JavaMain+0x88
C  [libjli.so+0x87e9]  ThreadJavaMain+0x9


---------------  P R O C E S S  ---------------

Threads class SMR info:
_java_thread_list=0x000055fe9a20ffd0, length=0, elements={
}

Java Threads: ( => current thread )

Other Threads:

=>0x00007f6938019000 (exited) JavaThread "Unknown thread" [_thread_in_vm, id=9277, stack(0x00007f694042f000,0x00007f6940530000)]

Threads with active compile tasks:

VM state:not at safepoint (not fully initialized)

VM Mutex/Monitor currently owned by a thread: None

Heap address: 0x00000000f8000000, size: 128 MB, Compressed Oops mode: Non-zero based: 0x00000000f8000000
Narrow klass base: 0x0000000000000000, Narrow klass shift: 0

GC Heap History (0 events):
No events

Deoptimization events (0 events):
No events

Classes redefined (0 events):
No events

Internal exceptions (0 events):
No events

Events (2 events):
Event: 0.115 Protecting memory [0x00007f694042f000,0x00007f6940433000] with protection modes 0
Event: 0.118 Loaded shared library /usr/lib/jvm/java-11-openjdk-amd64/lib/libzip.so


Dynamic libraries:
f8000000-f94a0000 rw-p 00000000 00:00 0 
f94a0000-faaa0000 ---p 00000000 00:00 0 
fd400000-100000000 ---p 00000000 00:00 0 
55fe98b8d000-55fe98b8e000 r-xp 00000000 fd:00 660515                     /usr/lib/jvm/java-11-openjdk-amd64/bin/java
55fe98d8e000-55fe98d8f000 r--p 00001000 fd:00 660515                     /usr/lib/jvm/java-11-openjdk-amd64/bin/java
55fe98d8f000-55fe98d90000 rw-p 00002000 fd:00 660515                     /usr/lib/jvm/java-11-openjdk-amd64/bin/java
55fe9a1f8000-55fe9a23a000 rw-p 00000000 00:00 0                          [heap]
7f69207f5000-7f6920a65000 rwxp 00000000 00:00 0 
7f6920a65000-7f6920d84000 ---p 00000000 00:00 0 
7f6920d84000-7f6920ff4000 rwxp 00000000 00:00 0 
7f6920ff4000-7f69282bc000 ---p 00000000 00:00 0 
7f69282bc000-7f692852c000 rwxp 00000000 00:00 0 
7f692852c000-7f692f7f5000 ---p 00000000 00:00 0 
7f692f7f5000-7f6938000000 r--s 00000000 fd:00 660674                     /usr/lib/jvm/java-11-openjdk-amd64/lib/modules
7f6938000000-7f693803b000 rw-p 00000000 00:00 0 
7f693803b000-7f693c000000 ---p 00000000 00:00 0 
7f693c110000-7f693c4d5000 rw-p 00000000 00:00 0 
7f693c4d5000-7f693c5bb000 ---p 00000000 00:00 0 
7f693c5bb000-7f693c5c0000 rw-p 00000000 00:00 0 
7f693c5c0000-7f693c6a6000 ---p 00000000 00:00 0 
7f693c6a6000-7f693c6ad000 r-xp 00000000 fd:00 660673                     /usr/lib/jvm/java-11-openjdk-amd64/lib/libzip.so
7f693c6ad000-7f693c8ad000 ---p 00007000 fd:00 660673                     /usr/lib/jvm/java-11-openjdk-amd64/lib/libzip.so
7f693c8ad000-7f693c8ae000 r--p 00007000 fd:00 660673                     /usr/lib/jvm/java-11-openjdk-amd64/lib/libzip.so
7f693c8ae000-7f693c8af000 rw-p 00008000 fd:00 660673                     /usr/lib/jvm/java-11-openjdk-amd64/lib/libzip.so
7f693c8af000-7f693c8ba000 r-xp 00000000 fd:00 2097645                    /lib/x86_64-linux-gnu/libnss_files-2.27.so
7f693c8ba000-7f693cab9000 ---p 0000b000 fd:00 2097645                    /lib/x86_64-linux-gnu/libnss_files-2.27.so
7f693cab9000-7f693caba000 r--p 0000a000 fd:00 2097645                    /lib/x86_64-linux-gnu/libnss_files-2.27.so
7f693caba000-7f693cabb000 rw-p 0000b000 fd:00 2097645                    /lib/x86_64-linux-gnu/libnss_files-2.27.so
7f693cabb000-7f693cac1000 rw-p 00000000 00:00 0 
7f693cac1000-7f693cad8000 r-xp 00000000 fd:00 2097639                    /lib/x86_64-linux-gnu/libnsl-2.27.so
7f693cad8000-7f693ccd7000 ---p 00017000 fd:00 2097639                    /lib/x86_64-linux-gnu/libnsl-2.27.so
7f693ccd7000-7f693ccd8000 r--p 00016000 fd:00 2097639                    /lib/x86_64-linux-gnu/libnsl-2.27.so
7f693ccd8000-7f693ccd9000 rw-p 00017000 fd:00 2097639                    /lib/x86_64-linux-gnu/libnsl-2.27.so
7f693ccd9000-7f693ccdb000 rw-p 00000000 00:00 0 
7f693ccdb000-7f693cce6000 r-xp 00000000 fd:00 2097649                    /lib/x86_64-linux-gnu/libnss_nis-2.27.so
7f693cce6000-7f693cee5000 ---p 0000b000 fd:00 2097649                    /lib/x86_64-linux-gnu/libnss_nis-2.27.so
7f693cee5000-7f693cee6000 r--p 0000a000 fd:00 2097649                    /lib/x86_64-linux-gnu/libnss_nis-2.27.so
7f693cee6000-7f693cee7000 rw-p 0000b000 fd:00 2097649                    /lib/x86_64-linux-gnu/libnss_nis-2.27.so
7f693cee7000-7f693ceef000 r-xp 00000000 fd:00 2097641                    /lib/x86_64-linux-gnu/libnss_compat-2.27.so
7f693ceef000-7f693d0ef000 ---p 00008000 fd:00 2097641                    /lib/x86_64-linux-gnu/libnss_compat-2.27.so
7f693d0ef000-7f693d0f0000 r--p 00008000 fd:00 2097641                    /lib/x86_64-linux-gnu/libnss_compat-2.27.so
7f693d0f0000-7f693d0f1000 rw-p 00009000 fd:00 2097641                    /lib/x86_64-linux-gnu/libnss_compat-2.27.so
7f693d0f1000-7f693d0f6000 r-xp 00000000 fd:00 660656                     /usr/lib/jvm/java-11-openjdk-amd64/lib/libjimage.so
7f693d0f6000-7f693d2f5000 ---p 00005000 fd:00 660656                     /usr/lib/jvm/java-11-openjdk-amd64/lib/libjimage.so
7f693d2f5000-7f693d2f6000 r--p 00004000 fd:00 660656                     /usr/lib/jvm/java-11-openjdk-amd64/lib/libjimage.so
7f693d2f6000-7f693d2f7000 rw-p 00005000 fd:00 660656                     /usr/lib/jvm/java-11-openjdk-amd64/lib/libjimage.so
7f693d2f7000-7f693d320000 r-xp 00000000 fd:00 660653                     /usr/lib/jvm/java-11-openjdk-amd64/lib/libjava.so
7f693d320000-7f693d51f000 ---p 00029000 fd:00 660653                     /usr/lib/jvm/java-11-openjdk-amd64/lib/libjava.so
7f693d51f000-7f693d520000 r--p 00028000 fd:00 660653                     /usr/lib/jvm/java-11-openjdk-amd64/lib/libjava.so
7f693d520000-7f693d521000 rw-p 00029000 fd:00 660653                     /usr/lib/jvm/java-11-openjdk-amd64/lib/libjava.so
7f693d521000-7f693d522000 rw-p 00000000 00:00 0 
7f693d522000-7f693d52f000 r-xp 00000000 fd:00 660672                     /usr/lib/jvm/java-11-openjdk-amd64/lib/libverify.so
7f693d52f000-7f693d72e000 ---p 0000d000 fd:00 660672                     /usr/lib/jvm/java-11-openjdk-amd64/lib/libverify.so
7f693d72e000-7f693d730000 r--p 0000c000 fd:00 660672                     /usr/lib/jvm/java-11-openjdk-amd64/lib/libverify.so
7f693d730000-7f693d731000 rw-p 0000e000 fd:00 660672                     /usr/lib/jvm/java-11-openjdk-amd64/lib/libverify.so
7f693d731000-7f693d738000 r-xp 00000000 fd:00 2097671                    /lib/x86_64-linux-gnu/librt-2.27.so
7f693d738000-7f693d937000 ---p 00007000 fd:00 2097671                    /lib/x86_64-linux-gnu/librt-2.27.so
7f693d937000-7f693d938000 r--p 00006000 fd:00 2097671                    /lib/x86_64-linux-gnu/librt-2.27.so
7f693d938000-7f693d939000 rw-p 00007000 fd:00 2097671                    /lib/x86_64-linux-gnu/librt-2.27.so
7f693d939000-7f693d950000 r-xp 00000000 fd:00 2097345                    /lib/x86_64-linux-gnu/libgcc_s.so.1
7f693d950000-7f693db4f000 ---p 00017000 fd:00 2097345                    /lib/x86_64-linux-gnu/libgcc_s.so.1
7f693db4f000-7f693db50000 r--p 00016000 fd:00 2097345                    /lib/x86_64-linux-gnu/libgcc_s.so.1
7f693db50000-7f693db51000 rw-p 00017000 fd:00 2097345                    /lib/x86_64-linux-gnu/libgcc_s.so.1
7f693db51000-7f693dcee000 r-xp 00000000 fd:00 2097624                    /lib/x86_64-linux-gnu/libm-2.27.so
7f693dcee000-7f693deed000 ---p 0019d000 fd:00 2097624                    /lib/x86_64-linux-gnu/libm-2.27.so
7f693deed000-7f693deee000 r--p 0019c000 fd:00 2097624                    /lib/x86_64-linux-gnu/libm-2.27.so
7f693deee000-7f693deef000 rw-p 0019d000 fd:00 2097624                    /lib/x86_64-linux-gnu/libm-2.27.so
7f693deef000-7f693e068000 r-xp 00000000 fd:00 656793                     /usr/lib/x86_64-linux-gnu/libstdc++.so.6.0.25
7f693e068000-7f693e268000 ---p 00179000 fd:00 656793                     /usr/lib/x86_64-linux-gnu/libstdc++.so.6.0.25
7f693e268000-7f693e272000 r--p 00179000 fd:00 656793                     /usr/lib/x86_64-linux-gnu/libstdc++.so.6.0.25
7f693e272000-7f693e274000 rw-p 00183000 fd:00 656793                     /usr/lib/x86_64-linux-gnu/libstdc++.so.6.0.25
7f693e274000-7f693e278000 rw-p 00000000 00:00 0 
7f693e278000-7f693f37f000 r-xp 00000000 fd:00 660679                     /usr/lib/jvm/java-11-openjdk-amd64/lib/server/libjvm.so
7f693f37f000-7f693f57f000 ---p 01107000 fd:00 660679                     /usr/lib/jvm/java-11-openjdk-amd64/lib/server/libjvm.so
7f693f57f000-7f693f643000 r--p 01107000 fd:00 660679                     /usr/lib/jvm/java-11-openjdk-amd64/lib/server/libjvm.so
7f693f643000-7f693f67e000 rw-p 011cb000 fd:00 660679                     /usr/lib/jvm/java-11-openjdk-amd64/lib/server/libjvm.so
7f693f67e000-7f693f6d5000 rw-p 00000000 00:00 0 
7f693f6d5000-7f693f6ef000 r-xp 00000000 fd:00 2097665                    /lib/x86_64-linux-gnu/libpthread-2.27.so
7f693f6ef000-7f693f8ee000 ---p 0001a000 fd:00 2097665                    /lib/x86_64-linux-gnu/libpthread-2.27.so
7f693f8ee000-7f693f8ef000 r--p 00019000 fd:00 2097665                    /lib/x86_64-linux-gnu/libpthread-2.27.so
7f693f8ef000-7f693f8f0000 rw-p 0001a000 fd:00 2097665                    /lib/x86_64-linux-gnu/libpthread-2.27.so
7f693f8f0000-7f693f8f4000 rw-p 00000000 00:00 0 
7f693f8f4000-7f693f8f7000 r-xp 00000000 fd:00 2097595                    /lib/x86_64-linux-gnu/libdl-2.27.so
7f693f8f7000-7f693faf6000 ---p 00003000 fd:00 2097595                    /lib/x86_64-linux-gnu/libdl-2.27.so
7f693faf6000-7f693faf7000 r--p 00002000 fd:00 2097595                    /lib/x86_64-linux-gnu/libdl-2.27.so
7f693faf7000-7f693faf8000 rw-p 00003000 fd:00 2097595                    /lib/x86_64-linux-gnu/libdl-2.27.so
7f693faf8000-7f693fb14000 r-xp 00000000 fd:00 2097696                    /lib/x86_64-linux-gnu/libz.so.1.2.11
7f693fb14000-7f693fd13000 ---p 0001c000 fd:00 2097696                    /lib/x86_64-linux-gnu/libz.so.1.2.11
7f693fd13000-7f693fd14000 r--p 0001b000 fd:00 2097696                    /lib/x86_64-linux-gnu/libz.so.1.2.11
7f693fd14000-7f693fd15000 rw-p 0001c000 fd:00 2097696                    /lib/x86_64-linux-gnu/libz.so.1.2.11
7f693fd15000-7f693fefc000 r-xp 00000000 fd:00 2097578                    /lib/x86_64-linux-gnu/libc-2.27.so
7f693fefc000-7f69400fc000 ---p 001e7000 fd:00 2097578                    /lib/x86_64-linux-gnu/libc-2.27.so
7f69400fc000-7f6940100000 r--p 001e7000 fd:00 2097578                    /lib/x86_64-linux-gnu/libc-2.27.so
7f6940100000-7f6940102000 rw-p 001eb000 fd:00 2097578                    /lib/x86_64-linux-gnu/libc-2.27.so
7f6940102000-7f6940106000 rw-p 00000000 00:00 0 
7f6940106000-7f6940115000 r-xp 00000000 fd:00 660638                     /usr/lib/jvm/java-11-openjdk-amd64/lib/jli/libjli.so
7f6940115000-7f6940314000 ---p 0000f000 fd:00 660638                     /usr/lib/jvm/java-11-openjdk-amd64/lib/jli/libjli.so
7f6940314000-7f6940315000 r--p 0000e000 fd:00 660638                     /usr/lib/jvm/java-11-openjdk-amd64/lib/jli/libjli.so
7f6940315000-7f6940316000 rw-p 0000f000 fd:00 660638                     /usr/lib/jvm/java-11-openjdk-amd64/lib/jli/libjli.so
7f6940316000-7f694033d000 r-xp 00000000 fd:00 2097554                    /lib/x86_64-linux-gnu/ld-2.27.so
7f69403da000-7f69403e5000 rw-p 00000000 00:00 0 
7f69403e5000-7f694041a000 ---p 00000000 00:00 0 
7f694041a000-7f6940420000 rw-p 00000000 00:00 0 
7f6940420000-7f6940427000 ---p 00000000 00:00 0 
7f6940427000-7f694042f000 rw-s 00000000 fd:00 3801408                    /tmp/hsperfdata_vagrant/9276
7f694042f000-7f6940433000 ---p 00000000 00:00 0 
7f6940433000-7f6940532000 rw-p 00000000 00:00 0 
7f6940539000-7f694053a000 ---p 00000000 00:00 0 
7f694053a000-7f694053b000 r--p 00000000 00:00 0 
7f694053b000-7f694053d000 rw-p 00000000 00:00 0 
7f694053d000-7f694053e000 r--p 00027000 fd:00 2097554                    /lib/x86_64-linux-gnu/ld-2.27.so
7f694053e000-7f694053f000 rw-p 00028000 fd:00 2097554                    /lib/x86_64-linux-gnu/ld-2.27.so
7f694053f000-7f6940540000 rw-p 00000000 00:00 0 
7ffdb91ab000-7ffdb91cc000 rw-p 00000000 00:00 0                          [stack]
7ffdb91ed000-7ffdb91f0000 r--p 00000000 00:00 0                          [vvar]
7ffdb91f0000-7ffdb91f2000 r-xp 00000000 00:00 0                          [vdso]
ffffffffff600000-ffffffffff601000 r-xp 00000000 00:00 0                  [vsyscall]


VM Arguments:
jvm_args: -Xmx128m 
java_command: org.apache.spark.launcher.Main org.apache.spark.deploy.SparkSubmit --packages org.apache.spark:spark-sql-kafka-0-10_2.12:3.5.0,com.datastax.spark:spark-cassandra-connector_2.12:3.0.0 console-spark-streaming-example.py
java_class_path (initial): /opt/spark/jars/jackson-datatype-jsr310-2.15.2.jar:/opt/spark/jars/jersey-container-servlet-2.40.jar:/opt/spark/jars/parquet-jackson-1.13.1.jar:/opt/spark/jars/hive-service-rpc-3.1.3.jar:/opt/spark/jars/netty-transport-native-epoll-4.1.96.Final-linux-aarch_64.jar:/opt/spark/jars/hadoop-client-api-3.3.4.jar:/opt/spark/jars/xz-1.9.jar:/opt/spark/jars/hive-serde-2.3.9.jar:/opt/spark/jars/jline-2.14.6.jar:/opt/spark/jars/scala-xml_2.12-2.1.0.jar:/opt/spark/jars/antlr-runtime-3.5.2.jar:/opt/spark/jars/antlr4-runtime-4.9.3.jar:/opt/spark/jars/hadoop-shaded-guava-1.1.1.jar:/opt/spark/jars/spark-mesos_2.12-3.5.0.jar:/opt/spark/jars/zookeeper-3.6.3.jar:/opt/spark/jars/netty-codec-http-4.1.96.Final.jar:/opt/spark/jars/dropwizard-metrics-hadoop-metrics2-reporter-0.1.2.jar:/opt/spark/jars/spark-launcher_2.12-3.5.0.jar:/opt/spark/jars/commons-pool-1.5.4.jar:/opt/spark/jars/transaction-api-1.1.jar:/opt/spark/jars/hive-metastore-2.3.9.jar:/opt/spark/jars/opencsv-2.3.jar:/opt/spark/jars/spark-common-utils_2.12-3.5.0.jar:/opt/spark/jars/aopalliance-repackaged-2.6.1.jar:/opt/spark/jars/audience-annotations-0.5.0.jar:/opt/spark/jars/hive-shims-common-2.3.9.jar:/opt/spark/jars/datanucleus-rdbms-4.1.19.jar:/opt/spark/jars/ST4-4.0.4.jar:/opt/spark/jars/kubernetes-model-apps-6.7.2.jar:/opt/spark/jars/jakarta.xml.bind-api-2.3.2.jar:/opt/spark/jars/spark-mllib_2.12-3.5.0.jar:/opt/spark/jars/snakeyaml-engine-2.6.jar:/opt/spark/jars/minlog-1.3.0.jar:/opt/spark/jars/stream-2.9.6.jar:/opt/spark/jars/spark-unsafe_2.12-3.5.0.jar:/opt/spark/jars/netty-transport-native-unix-common-4.1.96.Final.jar:/opt/spark/jars/oro-2.0.8.jar:/opt/spark/jars/avro-mapred-1.11.2.jar:/opt/spark/jars/commons-math3-3.6.1.jar:/opt/spark/jars/metrics-jvm-4.2.19.jar:/opt/spark/jars/spark-network-common_2.12-3.5.0.jar:/opt/spark/jars/hive-exec-2.3.9-core.jar:/opt/spark/jars/hive-jdbc-2.3.9.jar:/opt/spark/jars/kubernetes-model-gatewayapi-6.7.2.jar:/opt/spark/jars/kubernetes-model-flowcontrol-6.7
Launcher Type: SUN_STANDARD

[Global flags]
     intx CICompilerCount                          = 2                                         {product} {ergonomic}
   size_t InitialHeapSize                          = 65011712                                  {product} {ergonomic}
   size_t MaxHeapSize                              = 134217728                                 {product} {command line}
   size_t MaxNewSize                               = 44695552                                  {product} {ergonomic}
   size_t MinHeapDeltaBytes                        = 196608                                    {product} {ergonomic}
   size_t NewSize                                  = 21626880                                  {product} {ergonomic}
    uintx NonNMethodCodeHeapSize                   = 5825164                                {pd product} {ergonomic}
    uintx NonProfiledCodeHeapSize                  = 122916538                              {pd product} {ergonomic}
   size_t OldSize                                  = 43384832                                  {product} {ergonomic}
    uintx ProfiledCodeHeapSize                     = 122916538                              {pd product} {ergonomic}
    uintx ReservedCodeCacheSize                    = 251658240                              {pd product} {ergonomic}
     bool SegmentedCodeCache                       = true                                      {product} {ergonomic}
     bool UseCompressedClassPointers               = true                                 {lp64_product} {ergonomic}
     bool UseCompressedOops                        = true                                 {lp64_product} {ergonomic}
     bool UseSerialGC                              = true                                      {product} {ergonomic}

Logging:
Log output configuration:
 #0: stdout all=warning uptime,level,tags
 #1: stderr all=off uptime,level,tags

Environment Variables:
JAVA_HOME=/usr/lib/jvm/java-11-openjdk-amd64
PATH=/home/vagrant/.local/bin:/usr/local/sbin:/usr/local/bin:/usr/sbin:/usr/bin:/sbin:/bin:/usr/games:/usr/local/games:/snap/bin:/opt/spark/bin:/opt/spark/bin:/opt/spark/bin
SHELL=/bin/bash
LANG=en_US.UTF-8
TERM=xterm-256color

Signal Handlers:
SIGSEGV: [libjvm.so+0xe356a0], sa_mask[0]=11111111011111111101111111111110, sa_flags=SA_RESTART|SA_SIGINFO
SIGBUS: [libjvm.so+0xe356a0], sa_mask[0]=11111111011111111101111111111110, sa_flags=SA_RESTART|SA_SIGINFO
SIGFPE: [libjvm.so+0xe356a0], sa_mask[0]=11111111011111111101111111111110, sa_flags=SA_RESTART|SA_SIGINFO
SIGPIPE: [libjvm.so+0xb89cc0], sa_mask[0]=11111111011111111101111111111110, sa_flags=SA_RESTART|SA_SIGINFO
SIGXFSZ: [libjvm.so+0xb89cc0], sa_mask[0]=11111111011111111101111111111110, sa_flags=SA_RESTART|SA_SIGINFO
SIGILL: [libjvm.so+0xe356a0], sa_mask[0]=11111111011111111101111111111110, sa_flags=SA_RESTART|SA_SIGINFO
SIGUSR2: [libjvm.so+0xb89b50], sa_mask[0]=00000000000000000000000000000000, sa_flags=SA_RESTART|SA_SIGINFO
SIGHUP: SIG_DFL, sa_mask[0]=00000000000000000000000000000000, sa_flags=none
SIGINT: SIG_DFL, sa_mask[0]=00000000000000000000000000000000, sa_flags=none
SIGTERM: SIG_DFL, sa_mask[0]=00000000000000000000000000000000, sa_flags=none
SIGQUIT: SIG_DFL, sa_mask[0]=00000000000000000000000000000000, sa_flags=none


---------------  S Y S T E M  ---------------

OS:DISTRIB_ID=Ubuntu
DISTRIB_RELEASE=18.04
DISTRIB_CODENAME=bionic
DISTRIB_DESCRIPTION="Ubuntu 18.04.3 LTS"
uname:Linux 4.15.0-58-generic #64-Ubuntu SMP Tue Aug 6 11:12:41 UTC 2019 x86_64
OS uptime: 0 days 0:38 hours
libc:glibc 2.27 NPTL 2.27 
rlimit (soft/hard): STACK 8192k/infinity , CORE 0k/infinity , NPROC 15535/15535 , NOFILE 1048576/1048576 , AS infinity/infinity , CPU infinity/infinity , DATA infinity/infinity , FSIZE infinity/infinity , MEMLOCK 16384k/16384k
load average:0.32 0.59 0.52

/proc/meminfo:
MemTotal:        4039720 kB
MemFree:          113252 kB
MemAvailable:      13828 kB
Buffers:            1312 kB
Cached:            13912 kB
SwapCached:         4460 kB
Active:          2721744 kB
Inactive:        1087068 kB
Active(anon):    2714672 kB
Inactive(anon):  1079228 kB
Active(file):       7072 kB
Inactive(file):     7840 kB
Unevictable:           0 kB
Mlocked:               0 kB
SwapTotal:       1003516 kB
SwapFree:              0 kB
Dirty:                 8 kB
Writeback:             0 kB
AnonPages:       3789188 kB
Mapped:            12880 kB
Shmem:               304 kB
Slab:              58644 kB
SReclaimable:      23288 kB
SUnreclaim:        35356 kB
KernelStack:       12752 kB
PageTables:        20556 kB
NFS_Unstable:          0 kB
Bounce:                0 kB
WritebackTmp:          0 kB
CommitLimit:     3023376 kB
Committed_AS:    7485300 kB
VmallocTotal:   34359738367 kB
VmallocUsed:           0 kB
VmallocChunk:          0 kB
HardwareCorrupted:     0 kB
AnonHugePages:         0 kB
ShmemHugePages:        0 kB
ShmemPmdMapped:        0 kB
CmaTotal:              0 kB
CmaFree:               0 kB
HugePages_Total:       0
HugePages_Free:        0
HugePages_Rsvd:        0
HugePages_Surp:        0
Hugepagesize:       2048 kB
DirectMap4k:      100288 kB
DirectMap2M:     4093952 kB

/sys/kernel/mm/transparent_hugepage/enabled:
always [madvise] never
/sys/kernel/mm/transparent_hugepage/defrag (defrag/compaction efforts parameter):
always defer defer+madvise [madvise] never

Process Memory:
Virtual Size: 608904K (peak: 647432K)
Resident Set Size: 14152K (peak: 17240K) (anon: 5740K, file: 8412K, shmem: 0K)
Swapped out: 0K
C-Heap outstanding allocations: 4185K, retained: 174K
glibc malloc tunables: (default)

/proc/sys/kernel/threads-max (system-wide limit on the number of threads):
31070
/proc/sys/vm/max_map_count (maximum number of memory map areas a process may have):
65530
/proc/sys/kernel/pid_max (system-wide limit on number of process identifiers):
32768

container (cgroup) information:
container_type: cgroupv1
cpu_cpuset_cpus: 0
cpu_memory_nodes: 0
active_processor_count: 1
cpu_quota: no quota
cpu_period: 100000
cpu_shares: no shares
memory_limit_in_bytes: unlimited
memory_and_swap_limit_in_bytes: not supported
memory_soft_limit_in_bytes: unlimited
memory_usage_in_bytes: 2767572 k
memory_max_usage_in_bytes: 2781744 k
kernel_memory_usage_in_bytes: 27788 k
kernel_memory_max_usage_in_bytes: unlimited
kernel_memory_limit_in_bytes: 30220 k
maximum number of tasks: unlimited
current number of tasks: 432

KVM virtualization detected
Steal ticks since vm start: 0
Steal ticks percentage since vm start:  0.000

CPU:total 1 (initial active 1) (1 cores per cpu, 1 threads per core) family 23 model 113 stepping 0 microcode 0xffffffff, cmov, cx8, fxsr, mmx, sse, sse2, sse3, ssse3, sse4.1, sse4.2, popcnt, tsc, tscinvbit, tscinv
CPU Model and flags from /proc/cpuinfo:
model name	: AMD Ryzen 5 3600 6-Core Processor
flags		: fpu vme de pse tsc msr pae mce cx8 apic sep mtrr pge mca cmov pat pse36 clflush mmx fxsr sse sse2 ht syscall nx fxsr_opt rdtscp lm constant_tsc rep_good nopl nonstop_tsc cpuid extd_apicid tsc_known_freq pni ssse3 cx16 sse4_1 sse4_2 popcnt hypervisor lahf_lm cr8_legacy 3dnowprefetch ssbd vmmcall fsgsbase arat
Online cpus:
0
Offline cpus:

BIOS frequency limitation:
<Not Available>
Frequency switch latency (ns):
<Not Available>
Available cpu frequencies:
<Not Available>
Current governor:
<Not Available>
Core performance/turbo boost:
<Not Available>

Memory: 4k page, physical 4039720k(112880k free), swap 1003516k(4k free)

vm_info: OpenJDK 64-Bit Server VM (11.0.19+7-post-Ubuntu-0ubuntu118.04.1) for linux-amd64 JRE (11.0.19+7-post-Ubuntu-0ubuntu118.04.1), built on May 10 2023 00:54:54 by "unknown" with gcc 8.4.0

END.
